<html>
<body>
<pre>
<h1>Vision Build Log</h1>
<h2>Project:</h2>
D:\keil MDK编写程序\AD数据采集\Project\Template.uvproj
Project File Date:  07/15/2016

<h2>Output:</h2>
Build target 'Target 1'
assembling startup_stm32f10x_hd.s...
compiling core_cm3.c...
compiling system_stm32f10x.c...
compiling misc.c...
compiling stm32f10x_adc.c...
compiling stm32f10x_bkp.c...
compiling stm32f10x_can.c...
compiling stm32f10x_cec.c...
compiling stm32f10x_crc.c...
compiling stm32f10x_dac.c...
compiling stm32f10x_dbgmcu.c...
compiling stm32f10x_dma.c...
compiling stm32f10x_exti.c...
compiling stm32f10x_flash.c...
compiling stm32f10x_fsmc.c...
compiling stm32f10x_gpio.c...
compiling stm32f10x_i2c.c...
compiling stm32f10x_iwdg.c...
compiling stm32f10x_pwr.c...
compiling stm32f10x_rcc.c...
compiling stm32f10x_rtc.c...
compiling stm32f10x_sdio.c...
compiling stm32f10x_spi.c...
compiling stm32f10x_tim.c...
compiling stm32f10x_usart.c...
compiling stm32f10x_wwdg.c...
compiling main.c...
..\User\main.c(183): warning:  #223-D: function "cr4_fft_1024_stm32" declared implicitly
..\User\main.c(242): error:  #20: identifier "ADC_DataNum" is undefined
..\User\main.c(236): warning:  #177-D: variable "i" was declared but never referenced
compiling stm32f10x_it.c...
compiling EXTI_KEY.c...
compiling led.c...
compiling delay.c...
compiling USART1.c...
compiling adc.c...
compiling lvbo.c...
compiling TIME2.c...
compiling fft.c...
Target not created
Build target 'Target 1'
compiling main.c...
..\User\main.c(183): warning:  #223-D: function "cr4_fft_1024_stm32" declared implicitly
..\User\main.c(242): error:  #20: identifier "ADC_DataNum" is undefined
Target not created
Build target 'Target 1'
compiling main.c...
..\User\main.c(80): warning:  #223-D: function "cr4_fft_1024_stm32" declared implicitly
linking...
..\Output\Template.axf: Error: L6218E: Undefined symbol ADC_flag (referred from main.o).
..\Output\Template.axf: Error: L6218E: Undefined symbol cr4_fft_1024_stm32 (referred from main.o).
Target not created
Build target 'Target 1'
compiling main.c...
..\User\main.c(28): error:  #147: declaration is incompatible with "u8 ADC_flag" (declared at line 7 of "..\User\TIM2\TIME2.h")
..\User\main.c(82): warning:  #223-D: function "cr4_fft_1024_stm32" declared implicitly
Target not created
Build target 'Target 1'
compiling main.c...
..\User\main.c(82): warning:  #223-D: function "cr4_fft_1024_stm32" declared implicitly
compiling TIME2.c...
linking...
..\Output\Template.axf: Error: L6218E: Undefined symbol cr4_fft_1024_stm32 (referred from main.o).
Target not created
Build target 'Target 1'
linking...
..\Output\Template.axf: Error: L6218E: Undefined symbol cr4_fft_1024_stm32 (referred from main.o).
Target not created
Build target 'Target 1'
compiling core_cm3.c...
compiling system_stm32f10x.c...
compiling misc.c...
compiling stm32f10x_adc.c...
compiling stm32f10x_bkp.c...
compiling stm32f10x_can.c...
compiling stm32f10x_cec.c...
compiling stm32f10x_crc.c...
compiling stm32f10x_dac.c...
compiling stm32f10x_dbgmcu.c...
compiling stm32f10x_dma.c...
compiling stm32f10x_exti.c...
compiling stm32f10x_flash.c...
compiling stm32f10x_fsmc.c...
compiling stm32f10x_gpio.c...
compiling stm32f10x_i2c.c...
compiling stm32f10x_iwdg.c...
compiling stm32f10x_pwr.c...
compiling stm32f10x_rcc.c...
compiling stm32f10x_rtc.c...
compiling stm32f10x_sdio.c...
compiling stm32f10x_spi.c...
compiling stm32f10x_tim.c...
compiling stm32f10x_usart.c...
compiling stm32f10x_wwdg.c...
compiling main.c...
..\User\DSP_FFT\stm32_dsp.h(42): error:  #18: expected a ")"
compiling stm32f10x_it.c...
compiling EXTI_KEY.c...
compiling led.c...
compiling delay.c...
compiling USART1.c...
compiling adc.c...
compiling lvbo.c...
compiling TIME2.c...
Target not created
Build target 'Target 1'
compiling main.c...
..\User\DSP_FFT\stm32_dsp.h(42): error:  #18: expected a ")"
Target not created
Build target 'Target 1'
compiling main.c...
linking...
..\Output\Template.axf: Error: L6218E: Undefined symbol cr4_fft_1024_stm32 (referred from main.o).
Target not created
Build target 'Target 1'
compiling main.c...
linking...
..\Output\Template.axf: Error: L6218E: Undefined symbol cr4_fft_1024_stm32 (referred from main.o).
Target not created
Build target 'Target 1'
assembling cr4_fft_64_stm32.s...
assembling cr4_fft_256_stm32.s...
assembling cr4_fft_1024_stm32.s...
assembling fir_stm32.s...
assembling iirarma_stm32.s...
assembling PID_stm32.s...
linking...
..\Output\Template.axf: Error: L6218E: Undefined symbol IntTerm (referred from pid_stm32.o).
..\Output\Template.axf: Error: L6218E: Undefined symbol PrevError (referred from pid_stm32.o).
Target not created
Build target 'Target 1'
linking...
Program Size: Code=13744 RO-data=336 RW-data=48 ZI-data=17408  
FromELF: creating hex file...
"..\Output\Template.axf" - 0 Error(s), 0 Warning(s).
Build target 'Target 1'
linking...
Program Size: Code=13744 RO-data=336 RW-data=48 ZI-data=17408  
FromELF: creating hex file...
"..\Output\Template.axf" - 0 Error(s), 0 Warning(s).
Rebuild target 'Target 1'
assembling startup_stm32f10x_hd.s...
compiling core_cm3.c...
compiling system_stm32f10x.c...
compiling misc.c...
compiling stm32f10x_adc.c...
compiling stm32f10x_bkp.c...
compiling stm32f10x_can.c...
compiling stm32f10x_cec.c...
compiling stm32f10x_crc.c...
compiling stm32f10x_dac.c...
compiling stm32f10x_dbgmcu.c...
compiling stm32f10x_dma.c...
compiling stm32f10x_exti.c...
compiling stm32f10x_flash.c...
compiling stm32f10x_fsmc.c...
compiling stm32f10x_gpio.c...
compiling stm32f10x_i2c.c...
compiling stm32f10x_iwdg.c...
compiling stm32f10x_pwr.c...
compiling stm32f10x_rcc.c...
compiling stm32f10x_rtc.c...
compiling stm32f10x_sdio.c...
compiling stm32f10x_spi.c...
compiling stm32f10x_tim.c...
compiling stm32f10x_usart.c...
compiling stm32f10x_wwdg.c...
compiling main.c...
compiling stm32f10x_it.c...
compiling EXTI_KEY.c...
compiling led.c...
compiling delay.c...
compiling USART1.c...
compiling adc.c...
compiling TIME2.c...
assembling cr4_fft_1024_stm32.s...
linking...
Program Size: Code=13744 RO-data=336 RW-data=48 ZI-data=17408  
FromELF: creating hex file...
"..\Output\Template.axf" - 0 Error(s), 0 Warning(s).
Build target 'Target 1'
compiling main.c...
linking...
Program Size: Code=13680 RO-data=336 RW-data=48 ZI-data=17408  
FromELF: creating hex file...
"..\Output\Template.axf" - 0 Error(s), 0 Warning(s).
